00000319074i[KBD   ] reset-disable command received
00000321818i[BIOS  ] Starting rombios32
00000322256i[BIOS  ] Shutdown flag 0
00000322854i[BIOS  ] ram_size=0x02000000
00000323286i[BIOS  ] ram_end=32MB
00000364046i[BIOS  ] Found 1 cpu(s)
00000377699i[BIOS  ] bios_table_addr: 0x000f9d98 end=0x000fcc00
00000606768i[XGUI  ] charmap update. Font is 9 x 16
00000705515i[PCI   ] i440FX PMC write to PAM register 59 (TLB Flush)
00001033450i[P2ISA ] PCI IRQ routing: PIRQA# set to 0x0b
00001033474i[P2ISA ] PCI IRQ routing: PIRQB# set to 0x09
00001033498i[P2ISA ] PCI IRQ routing: PIRQC# set to 0x0b
00001033522i[P2ISA ] PCI IRQ routing: PIRQD# set to 0x09
00001033532i[P2ISA ] write: ELCR2 = 0x0a
00001034301i[BIOS  ] PIIX3/PIIX4 init: elcr=00 0a
00001047923i[BIOS  ] PCI: bus=0 devfn=0x00: vendor_id=0x8086 device_id=0x1237 class=0x0600
00001050267i[BIOS  ] PCI: bus=0 devfn=0x08: vendor_id=0x8086 device_id=0x7000 class=0x0601
00001052450i[BIOS  ] PCI: bus=0 devfn=0x09: vendor_id=0x8086 device_id=0x7010 class=0x0101
00001052685i[PIDE  ] BAR #4: i/o base address = 0xc000
00001053301i[BIOS  ] region 4: 0x0000c000
00001055359i[BIOS  ] PCI: bus=0 devfn=0x0b: vendor_id=0x8086 device_id=0x7113 class=0x0680
00001055635i[ACPI  ] new IRQ line = 11
00001055649i[ACPI  ] new IRQ line = 9
00001055677i[ACPI  ] new PM base address: 0xb000
00001055691i[ACPI  ] new SM base address: 0xb100
00001055719i[PCI   ] setting SMRAM control register to 0x4a
00001219854i[CPU0  ] Enter to System Management Mode
00001219854i[CPU0  ] enter_system_management_mode: temporary disable VMX while in SMM mode
00001219864i[CPU0  ] RSM: Resuming from System Management Mode
00001383920i[PCI   ] setting SMRAM control register to 0x0a
00001410536i[BIOS  ] MP table addr=0x000f9e70 MPC table addr=0x000f9da0 size=0xc8
00001412243i[BIOS  ] SMBIOS table addr=0x000f9e80
00001414332i[BIOS  ] ACPI tables: RSDP addr=0x000f9fa0 ACPI DATA addr=0x01ff0000 size=0xff8
00001417316i[BIOS  ] Firmware waking vector 0x1ff00cc
00001419570i[PCI   ] i440FX PMC write to PAM register 59 (TLB Flush)
00001420300i[BIOS  ] bios_table_cur_addr: 0x000f9fc4
00001538420i[VBIOS ] VGABios $Id: vgabios.c 288 2021-05-28 19:05:28Z vruppert $
00001538491i[BXVGA ] VBE known Display Interface b0c0
00001538523i[BXVGA ] VBE known Display Interface b0c5
00001541166i[VBIOS ] VBE Bios $Id: vbe.c 292 2021-06-03 12:24:22Z vruppert $
00003769432i[XGUI  ] charmap update. Font is 9 x 16
00005195691i[BIOS  ] IDE time out
00017669830i[BIOS  ] Booting from 07c0:0000
00132089672i[CPU0  ] WARNING: HLT instruction with IF=0!